{"C:\\Users\\Winnie\\Projects\\to-do-list\\src\\modules\\completedTask.js": {"path":"C:\\Users\\Winnie\\Projects\\to-do-list\\src\\modules\\completedTask.js","statementMap":{"0":{"start":{"line":3,"column":22},"end":{"line":12,"column":1}},"1":{"start":{"line":4,"column":2},"end":{"line":10,"column":3}},"2":{"start":{"line":5,"column":4},"end":{"line":5,"column":37}},"3":{"start":{"line":6,"column":4},"end":{"line":6,"column":26}},"4":{"start":{"line":8,"column":4},"end":{"line":8,"column":34}},"5":{"start":{"line":9,"column":4},"end":{"line":9,"column":25}},"6":{"start":{"line":11,"column":2},"end":{"line":11,"column":25}},"7":{"start":{"line":14,"column":19},"end":{"line":27,"column":1}},"8":{"start":{"line":15,"column":2},"end":{"line":15,"column":20}},"9":{"start":{"line":16,"column":2},"end":{"line":26,"column":5}},"10":{"start":{"line":17,"column":21},"end":{"line":17,"column":68}},"11":{"start":{"line":18,"column":17},"end":{"line":18,"column":58}},"12":{"start":{"line":19,"column":4},"end":{"line":25,"column":5}},"13":{"start":{"line":20,"column":6},"end":{"line":20,"column":30}},"14":{"start":{"line":21,"column":6},"end":{"line":21,"column":36}},"15":{"start":{"line":23,"column":6},"end":{"line":23,"column":31}},"16":{"start":{"line":24,"column":6},"end":{"line":24,"column":39}}},"fnMap":{"0":{"name":"(anonymous_0)","decl":{"start":{"line":3,"column":22},"end":{"line":3,"column":23}},"loc":{"start":{"line":3,"column":45},"end":{"line":12,"column":1}},"line":3},"1":{"name":"(anonymous_1)","decl":{"start":{"line":14,"column":19},"end":{"line":14,"column":20}},"loc":{"start":{"line":14,"column":30},"end":{"line":27,"column":1}},"line":14},"2":{"name":"(anonymous_2)","decl":{"start":{"line":16,"column":16},"end":{"line":16,"column":17}},"loc":{"start":{"line":16,"column":33},"end":{"line":26,"column":3}},"line":16}},"branchMap":{"0":{"loc":{"start":{"line":4,"column":2},"end":{"line":10,"column":3}},"type":"if","locations":[{"start":{"line":4,"column":2},"end":{"line":10,"column":3}},{"start":{"line":7,"column":9},"end":{"line":10,"column":3}}],"line":4},"1":{"loc":{"start":{"line":19,"column":4},"end":{"line":25,"column":5}},"type":"if","locations":[{"start":{"line":19,"column":4},"end":{"line":25,"column":5}},{"start":{"line":22,"column":11},"end":{"line":25,"column":5}}],"line":19}},"s":{"0":1,"1":0,"2":0,"3":0,"4":0,"5":0,"6":0,"7":1,"8":0,"9":0,"10":0,"11":0,"12":0,"13":0,"14":0,"15":0,"16":0},"f":{"0":0,"1":0,"2":0},"b":{"0":[0,0],"1":[0,0]},"_coverageSchema":"1a1c01bbd47fc00a2c39e90264f33305004495a9","hash":"6303d18eb3cbacdf445a81b2adca5eceef18626f"}
,"C:\\Users\\Winnie\\Projects\\to-do-list\\src\\modules\\localStorage.js": {"path":"C:\\Users\\Winnie\\Projects\\to-do-list\\src\\modules\\localStorage.js","statementMap":{"0":{"start":{"line":1,"column":24},"end":{"line":3,"column":1}},"1":{"start":{"line":2,"column":2},"end":{"line":2,"column":54}},"2":{"start":{"line":4,"column":24},"end":{"line":4,"column":108}},"3":{"start":{"line":4,"column":31},"end":{"line":4,"column":107}}},"fnMap":{"0":{"name":"(anonymous_0)","decl":{"start":{"line":1,"column":24},"end":{"line":1,"column":25}},"loc":{"start":{"line":1,"column":35},"end":{"line":3,"column":1}},"line":1},"1":{"name":"(anonymous_1)","decl":{"start":{"line":4,"column":24},"end":{"line":4,"column":25}},"loc":{"start":{"line":4,"column":31},"end":{"line":4,"column":107}},"line":4}},"branchMap":{"0":{"loc":{"start":{"line":4,"column":31},"end":{"line":4,"column":107}},"type":"cond-expr","locations":[{"start":{"line":4,"column":62},"end":{"line":4,"column":102}},{"start":{"line":4,"column":105},"end":{"line":4,"column":107}}],"line":4}},"s":{"0":1,"1":2,"2":1,"3":1},"f":{"0":2,"1":1},"b":{"0":[0,1]},"_coverageSchema":"1a1c01bbd47fc00a2c39e90264f33305004495a9","hash":"77bc2b617e0f144fd18b1db825851340f861f577"}
,"C:\\Users\\Winnie\\Projects\\to-do-list\\src\\modules\\structure.js": {"path":"C:\\Users\\Winnie\\Projects\\to-do-list\\src\\modules\\structure.js","statementMap":{"0":{"start":{"line":4,"column":12},"end":{"line":4,"column":29}},"1":{"start":{"line":9,"column":18},"end":{"line":9,"column":22}},"2":{"start":{"line":11,"column":22},"end":{"line":74,"column":1}},"3":{"start":{"line":12,"column":24},"end":{"line":12,"column":60}},"4":{"start":{"line":13,"column":2},"end":{"line":13,"column":31}},"5":{"start":{"line":14,"column":23},"end":{"line":31,"column":13}},"6":{"start":{"line":15,"column":15},"end":{"line":29,"column":8}},"7":{"start":{"line":30,"column":4},"end":{"line":30,"column":14}},"8":{"start":{"line":32,"column":2},"end":{"line":32,"column":62}},"9":{"start":{"line":33,"column":22},"end":{"line":33,"column":69}},"10":{"start":{"line":34,"column":24},"end":{"line":34,"column":79}},"11":{"start":{"line":35,"column":2},"end":{"line":44,"column":5}},"12":{"start":{"line":36,"column":4},"end":{"line":43,"column":7}},"13":{"start":{"line":37,"column":32},"end":{"line":37,"column":54}},"14":{"start":{"line":38,"column":24},"end":{"line":38,"column":67}},"15":{"start":{"line":39,"column":23},"end":{"line":39,"column":59}},"16":{"start":{"line":40,"column":6},"end":{"line":40,"column":53}},"17":{"start":{"line":41,"column":6},"end":{"line":41,"column":45}},"18":{"start":{"line":42,"column":6},"end":{"line":42,"column":24}},"19":{"start":{"line":45,"column":2},"end":{"line":52,"column":5}},"20":{"start":{"line":46,"column":4},"end":{"line":51,"column":7}},"21":{"start":{"line":47,"column":19},"end":{"line":47,"column":42}},"22":{"start":{"line":49,"column":6},"end":{"line":49,"column":24}},"23":{"start":{"line":50,"column":6},"end":{"line":50,"column":22}},"24":{"start":{"line":53,"column":19},"end":{"line":53,"column":59}},"25":{"start":{"line":54,"column":2},"end":{"line":63,"column":5}},"26":{"start":{"line":55,"column":4},"end":{"line":62,"column":7}},"27":{"start":{"line":56,"column":6},"end":{"line":56,"column":25}},"28":{"start":{"line":57,"column":22},"end":{"line":57,"column":33}},"29":{"start":{"line":58,"column":24},"end":{"line":58,"column":72}},"30":{"start":{"line":59,"column":24},"end":{"line":59,"column":33}},"31":{"start":{"line":61,"column":6},"end":{"line":61,"column":31}},"32":{"start":{"line":64,"column":19},"end":{"line":64,"column":59}},"33":{"start":{"line":65,"column":2},"end":{"line":70,"column":5}},"34":{"start":{"line":66,"column":4},"end":{"line":69,"column":7}},"35":{"start":{"line":67,"column":23},"end":{"line":67,"column":64}},"36":{"start":{"line":68,"column":6},"end":{"line":68,"column":51}},"37":{"start":{"line":71,"column":2},"end":{"line":73,"column":3}},"38":{"start":{"line":72,"column":4},"end":{"line":72,"column":22}},"39":{"start":{"line":77,"column":2},"end":{"line":81,"column":7}},"40":{"start":{"line":77,"column":33},"end":{"line":77,"column":54}},"41":{"start":{"line":79,"column":6},"end":{"line":79,"column":27}},"42":{"start":{"line":80,"column":6},"end":{"line":80,"column":18}},"43":{"start":{"line":82,"column":2},"end":{"line":82,"column":25}},"44":{"start":{"line":86,"column":2},"end":{"line":93,"column":5}},"45":{"start":{"line":87,"column":4},"end":{"line":91,"column":5}},"46":{"start":{"line":88,"column":6},"end":{"line":88,"column":24}},"47":{"start":{"line":89,"column":6},"end":{"line":89,"column":22}},"48":{"start":{"line":90,"column":6},"end":{"line":90,"column":29}},"49":{"start":{"line":92,"column":4},"end":{"line":92,"column":16}},"50":{"start":{"line":97,"column":16},"end":{"line":97,"column":32}},"51":{"start":{"line":98,"column":18},"end":{"line":98,"column":43}},"52":{"start":{"line":99,"column":2},"end":{"line":99,"column":22}},"53":{"start":{"line":100,"column":2},"end":{"line":100,"column":25}},"54":{"start":{"line":103,"column":23},"end":{"line":111,"column":1}},"55":{"start":{"line":104,"column":2},"end":{"line":108,"column":7}},"56":{"start":{"line":104,"column":33},"end":{"line":104,"column":56}},"57":{"start":{"line":106,"column":6},"end":{"line":106,"column":27}},"58":{"start":{"line":107,"column":6},"end":{"line":107,"column":18}},"59":{"start":{"line":109,"column":2},"end":{"line":109,"column":25}},"60":{"start":{"line":110,"column":2},"end":{"line":110,"column":18}},"61":{"start":{"line":113,"column":22},"end":{"line":118,"column":1}},"62":{"start":{"line":114,"column":16},"end":{"line":114,"column":50}},"63":{"start":{"line":115,"column":2},"end":{"line":117,"column":5}},"64":{"start":{"line":116,"column":4},"end":{"line":116,"column":31}},"65":{"start":{"line":121,"column":2},"end":{"line":121,"column":55}},"66":{"start":{"line":122,"column":2},"end":{"line":122,"column":45}},"67":{"start":{"line":123,"column":2},"end":{"line":123,"column":51}},"68":{"start":{"line":124,"column":2},"end":{"line":124,"column":45}},"69":{"start":{"line":125,"column":2},"end":{"line":125,"column":58}},"70":{"start":{"line":126,"column":2},"end":{"line":134,"column":5}},"71":{"start":{"line":127,"column":4},"end":{"line":127,"column":23}},"72":{"start":{"line":128,"column":22},"end":{"line":128,"column":36}},"73":{"start":{"line":129,"column":4},"end":{"line":133,"column":5}},"74":{"start":{"line":130,"column":6},"end":{"line":130,"column":22}},"75":{"start":{"line":131,"column":6},"end":{"line":131,"column":22}},"76":{"start":{"line":132,"column":6},"end":{"line":132,"column":32}},"77":{"start":{"line":135,"column":2},"end":{"line":137,"column":5}},"78":{"start":{"line":136,"column":4},"end":{"line":136,"column":31}},"79":{"start":{"line":139,"column":2},"end":{"line":141,"column":5}},"80":{"start":{"line":140,"column":4},"end":{"line":140,"column":27}},"81":{"start":{"line":142,"column":2},"end":{"line":155,"column":5}},"82":{"start":{"line":143,"column":4},"end":{"line":143,"column":27}},"83":{"start":{"line":144,"column":4},"end":{"line":154,"column":5}},"84":{"start":{"line":145,"column":25},"end":{"line":145,"column":37}},"85":{"start":{"line":146,"column":26},"end":{"line":146,"column":58}},"86":{"start":{"line":147,"column":27},"end":{"line":147,"column":60}},"87":{"start":{"line":148,"column":6},"end":{"line":153,"column":7}},"88":{"start":{"line":149,"column":22},"end":{"line":149,"column":56}},"89":{"start":{"line":150,"column":29},"end":{"line":150,"column":63}},"90":{"start":{"line":151,"column":8},"end":{"line":151,"column":83}},"91":{"start":{"line":152,"column":8},"end":{"line":152,"column":24}},"92":{"start":{"line":159,"column":2},"end":{"line":159,"column":15}}},"fnMap":{"0":{"name":"(anonymous_0)","decl":{"start":{"line":11,"column":22},"end":{"line":11,"column":23}},"loc":{"start":{"line":11,"column":28},"end":{"line":74,"column":1}},"line":11},"1":{"name":"(anonymous_1)","decl":{"start":{"line":14,"column":33},"end":{"line":14,"column":34}},"loc":{"start":{"line":14,"column":43},"end":{"line":31,"column":3}},"line":14},"2":{"name":"(anonymous_2)","decl":{"start":{"line":35,"column":24},"end":{"line":35,"column":25}},"loc":{"start":{"line":35,"column":34},"end":{"line":44,"column":3}},"line":35},"3":{"name":"(anonymous_3)","decl":{"start":{"line":36,"column":35},"end":{"line":36,"column":36}},"loc":{"start":{"line":36,"column":42},"end":{"line":43,"column":5}},"line":36},"4":{"name":"(anonymous_4)","decl":{"start":{"line":45,"column":22},"end":{"line":45,"column":23}},"loc":{"start":{"line":45,"column":32},"end":{"line":52,"column":3}},"line":45},"5":{"name":"(anonymous_5)","decl":{"start":{"line":46,"column":35},"end":{"line":46,"column":36}},"loc":{"start":{"line":46,"column":42},"end":{"line":51,"column":5}},"line":46},"6":{"name":"(anonymous_6)","decl":{"start":{"line":54,"column":19},"end":{"line":54,"column":20}},"loc":{"start":{"line":54,"column":40},"end":{"line":63,"column":3}},"line":54},"7":{"name":"(anonymous_7)","decl":{"start":{"line":55,"column":40},"end":{"line":55,"column":41}},"loc":{"start":{"line":55,"column":47},"end":{"line":62,"column":5}},"line":55},"8":{"name":"(anonymous_8)","decl":{"start":{"line":65,"column":19},"end":{"line":65,"column":20}},"loc":{"start":{"line":65,"column":40},"end":{"line":70,"column":3}},"line":65},"9":{"name":"(anonymous_9)","decl":{"start":{"line":66,"column":40},"end":{"line":66,"column":41}},"loc":{"start":{"line":66,"column":46},"end":{"line":69,"column":5}},"line":66},"10":{"name":"deleteTask","decl":{"start":{"line":76,"column":9},"end":{"line":76,"column":19}},"loc":{"start":{"line":76,"column":27},"end":{"line":83,"column":1}},"line":76},"11":{"name":"(anonymous_11)","decl":{"start":{"line":77,"column":23},"end":{"line":77,"column":24}},"loc":{"start":{"line":77,"column":33},"end":{"line":77,"column":54}},"line":77},"12":{"name":"(anonymous_12)","decl":{"start":{"line":78,"column":9},"end":{"line":78,"column":10}},"loc":{"start":{"line":78,"column":24},"end":{"line":81,"column":5}},"line":78},"13":{"name":"editTask","decl":{"start":{"line":85,"column":9},"end":{"line":85,"column":17}},"loc":{"start":{"line":85,"column":32},"end":{"line":94,"column":1}},"line":85},"14":{"name":"(anonymous_14)","decl":{"start":{"line":86,"column":20},"end":{"line":86,"column":21}},"loc":{"start":{"line":86,"column":30},"end":{"line":93,"column":3}},"line":86},"15":{"name":"addTasks","decl":{"start":{"line":96,"column":9},"end":{"line":96,"column":17}},"loc":{"start":{"line":96,"column":42},"end":{"line":101,"column":1}},"line":96},"16":{"name":"(anonymous_16)","decl":{"start":{"line":103,"column":23},"end":{"line":103,"column":24}},"loc":{"start":{"line":103,"column":29},"end":{"line":111,"column":1}},"line":103},"17":{"name":"(anonymous_17)","decl":{"start":{"line":104,"column":23},"end":{"line":104,"column":24}},"loc":{"start":{"line":104,"column":33},"end":{"line":104,"column":56}},"line":104},"18":{"name":"(anonymous_18)","decl":{"start":{"line":105,"column":9},"end":{"line":105,"column":10}},"loc":{"start":{"line":105,"column":24},"end":{"line":108,"column":5}},"line":105},"19":{"name":"(anonymous_19)","decl":{"start":{"line":113,"column":22},"end":{"line":113,"column":23}},"loc":{"start":{"line":113,"column":28},"end":{"line":118,"column":1}},"line":113},"20":{"name":"(anonymous_20)","decl":{"start":{"line":115,"column":16},"end":{"line":115,"column":17}},"loc":{"start":{"line":115,"column":33},"end":{"line":117,"column":3}},"line":115},"21":{"name":"initialize","decl":{"start":{"line":120,"column":9},"end":{"line":120,"column":19}},"loc":{"start":{"line":120,"column":22},"end":{"line":156,"column":1}},"line":120},"22":{"name":"(anonymous_22)","decl":{"start":{"line":126,"column":34},"end":{"line":126,"column":35}},"loc":{"start":{"line":126,"column":41},"end":{"line":134,"column":3}},"line":126},"23":{"name":"(anonymous_23)","decl":{"start":{"line":135,"column":46},"end":{"line":135,"column":47}},"loc":{"start":{"line":135,"column":57},"end":{"line":137,"column":3}},"line":135},"24":{"name":"(anonymous_24)","decl":{"start":{"line":139,"column":45},"end":{"line":139,"column":46}},"loc":{"start":{"line":139,"column":56},"end":{"line":141,"column":3}},"line":139},"25":{"name":"(anonymous_25)","decl":{"start":{"line":142,"column":41},"end":{"line":142,"column":42}},"loc":{"start":{"line":142,"column":52},"end":{"line":155,"column":3}},"line":142},"26":{"name":"getTasks","decl":{"start":{"line":158,"column":9},"end":{"line":158,"column":17}},"loc":{"start":{"line":158,"column":20},"end":{"line":160,"column":1}},"line":158}},"branchMap":{"0":{"loc":{"start":{"line":71,"column":2},"end":{"line":73,"column":3}},"type":"if","locations":[{"start":{"line":71,"column":2},"end":{"line":73,"column":3}},{"start":{},"end":{}}],"line":71},"1":{"loc":{"start":{"line":87,"column":4},"end":{"line":91,"column":5}},"type":"if","locations":[{"start":{"line":87,"column":4},"end":{"line":91,"column":5}},{"start":{},"end":{}}],"line":87},"2":{"loc":{"start":{"line":96,"column":24},"end":{"line":96,"column":40}},"type":"default-arg","locations":[{"start":{"line":96,"column":35},"end":{"line":96,"column":40}}],"line":96},"3":{"loc":{"start":{"line":129,"column":4},"end":{"line":133,"column":5}},"type":"if","locations":[{"start":{"line":129,"column":4},"end":{"line":133,"column":5}},{"start":{},"end":{}}],"line":129},"4":{"loc":{"start":{"line":144,"column":4},"end":{"line":154,"column":5}},"type":"if","locations":[{"start":{"line":144,"column":4},"end":{"line":154,"column":5}},{"start":{},"end":{}}],"line":144},"5":{"loc":{"start":{"line":148,"column":6},"end":{"line":153,"column":7}},"type":"if","locations":[{"start":{"line":148,"column":6},"end":{"line":153,"column":7}},{"start":{},"end":{}}],"line":148},"6":{"loc":{"start":{"line":150,"column":29},"end":{"line":150,"column":63}},"type":"cond-expr","locations":[{"start":{"line":150,"column":58},"end":{"line":150,"column":59}},{"start":{"line":150,"column":62},"end":{"line":150,"column":63}}],"line":150}},"s":{"0":1,"1":1,"2":1,"3":0,"4":0,"5":0,"6":0,"7":0,"8":0,"9":0,"10":0,"11":0,"12":0,"13":0,"14":0,"15":0,"16":0,"17":0,"18":0,"19":0,"20":0,"21":0,"22":0,"23":0,"24":0,"25":0,"26":0,"27":0,"28":0,"29":0,"30":0,"31":0,"32":0,"33":0,"34":0,"35":0,"36":0,"37":0,"38":0,"39":1,"40":1,"41":0,"42":0,"43":1,"44":0,"45":0,"46":0,"47":0,"48":0,"49":0,"50":1,"51":1,"52":1,"53":1,"54":1,"55":0,"56":0,"57":0,"58":0,"59":0,"60":0,"61":1,"62":0,"63":0,"64":0,"65":2,"66":2,"67":2,"68":2,"69":2,"70":2,"71":0,"72":0,"73":0,"74":0,"75":0,"76":0,"77":2,"78":0,"79":2,"80":0,"81":2,"82":0,"83":0,"84":0,"85":0,"86":0,"87":0,"88":0,"89":0,"90":0,"91":0,"92":2},"f":{"0":0,"1":0,"2":0,"3":0,"4":0,"5":0,"6":0,"7":0,"8":0,"9":0,"10":1,"11":1,"12":0,"13":0,"14":0,"15":1,"16":0,"17":0,"18":0,"19":0,"20":0,"21":2,"22":0,"23":0,"24":0,"25":0,"26":2},"b":{"0":[0,0],"1":[0,0],"2":[1],"3":[0,0],"4":[0,0],"5":[0,0],"6":[0,0]},"_coverageSchema":"1a1c01bbd47fc00a2c39e90264f33305004495a9","hash":"c661ff5a48bda8ab9641c875c15307cc0d0eb22b"}
}
