TN:
SF:src\modules\completedTask.js
FN:3,(anonymous_0)
FN:14,(anonymous_1)
FN:16,(anonymous_2)
FNF:3
FNH:0
FNDA:0,(anonymous_0)
FNDA:0,(anonymous_1)
FNDA:0,(anonymous_2)
DA:3,1
DA:4,0
DA:5,0
DA:6,0
DA:8,0
DA:9,0
DA:11,0
DA:14,1
DA:15,0
DA:16,0
DA:17,0
DA:18,0
DA:19,0
DA:20,0
DA:21,0
DA:23,0
DA:24,0
LF:17
LH:2
BRDA:4,0,0,0
BRDA:4,0,1,0
BRDA:19,1,0,0
BRDA:19,1,1,0
BRF:4
BRH:0
end_of_record
TN:
SF:src\modules\localStorage.js
FN:1,(anonymous_0)
FN:4,(anonymous_1)
FNF:2
FNH:2
FNDA:2,(anonymous_0)
FNDA:1,(anonymous_1)
DA:1,1
DA:2,2
DA:4,1
LF:3
LH:3
BRDA:4,0,0,0
BRDA:4,0,1,1
BRF:2
BRH:1
end_of_record
TN:
SF:src\modules\structure.js
FN:11,(anonymous_0)
FN:14,(anonymous_1)
FN:35,(anonymous_2)
FN:36,(anonymous_3)
FN:45,(anonymous_4)
FN:46,(anonymous_5)
FN:54,(anonymous_6)
FN:55,(anonymous_7)
FN:65,(anonymous_8)
FN:66,(anonymous_9)
FN:76,deleteTask
FN:77,(anonymous_11)
FN:78,(anonymous_12)
FN:85,editTask
FN:86,(anonymous_14)
FN:96,addTasks
FN:103,(anonymous_16)
FN:104,(anonymous_17)
FN:105,(anonymous_18)
FN:113,(anonymous_19)
FN:115,(anonymous_20)
FN:120,initialize
FN:126,(anonymous_22)
FN:135,(anonymous_23)
FN:139,(anonymous_24)
FN:142,(anonymous_25)
FN:158,getTasks
FNF:27
FNH:5
FNDA:0,(anonymous_0)
FNDA:0,(anonymous_1)
FNDA:0,(anonymous_2)
FNDA:0,(anonymous_3)
FNDA:0,(anonymous_4)
FNDA:0,(anonymous_5)
FNDA:0,(anonymous_6)
FNDA:0,(anonymous_7)
FNDA:0,(anonymous_8)
FNDA:0,(anonymous_9)
FNDA:1,deleteTask
FNDA:1,(anonymous_11)
FNDA:0,(anonymous_12)
FNDA:0,editTask
FNDA:0,(anonymous_14)
FNDA:1,addTasks
FNDA:0,(anonymous_16)
FNDA:0,(anonymous_17)
FNDA:0,(anonymous_18)
FNDA:0,(anonymous_19)
FNDA:0,(anonymous_20)
FNDA:2,initialize
FNDA:0,(anonymous_22)
FNDA:0,(anonymous_23)
FNDA:0,(anonymous_24)
FNDA:0,(anonymous_25)
FNDA:2,getTasks
DA:4,1
DA:9,1
DA:11,1
DA:12,0
DA:13,0
DA:14,0
DA:15,0
DA:30,0
DA:32,0
DA:33,0
DA:34,0
DA:35,0
DA:36,0
DA:37,0
DA:38,0
DA:39,0
DA:40,0
DA:41,0
DA:42,0
DA:45,0
DA:46,0
DA:47,0
DA:49,0
DA:50,0
DA:53,0
DA:54,0
DA:55,0
DA:56,0
DA:57,0
DA:58,0
DA:59,0
DA:61,0
DA:64,0
DA:65,0
DA:66,0
DA:67,0
DA:68,0
DA:71,0
DA:72,0
DA:77,1
DA:79,0
DA:80,0
DA:82,1
DA:86,0
DA:87,0
DA:88,0
DA:89,0
DA:90,0
DA:92,0
DA:97,1
DA:98,1
DA:99,1
DA:100,1
DA:103,1
DA:104,0
DA:106,0
DA:107,0
DA:109,0
DA:110,0
DA:113,1
DA:114,0
DA:115,0
DA:116,0
DA:121,2
DA:122,2
DA:123,2
DA:124,2
DA:125,2
DA:126,2
DA:127,0
DA:128,0
DA:129,0
DA:130,0
DA:131,0
DA:132,0
DA:135,2
DA:136,0
DA:139,2
DA:140,0
DA:142,2
DA:143,0
DA:144,0
DA:145,0
DA:146,0
DA:147,0
DA:148,0
DA:149,0
DA:150,0
DA:151,0
DA:152,0
DA:159,2
LF:91
LH:21
BRDA:71,0,0,0
BRDA:71,0,1,0
BRDA:87,1,0,0
BRDA:87,1,1,0
BRDA:96,2,0,1
BRDA:129,3,0,0
BRDA:129,3,1,0
BRDA:144,4,0,0
BRDA:144,4,1,0
BRDA:148,5,0,0
BRDA:148,5,1,0
BRDA:150,6,0,0
BRDA:150,6,1,0
BRF:13
BRH:1
end_of_record
